  Compiling CUDA source file kernel.cu...
  
  D:\rfmrm\Documentos\ISGC\8 Semestre\Programacion Avanzada en Paralelo\Repo\Advance-Parallel-Programming\Class Activities\P4_Erros\P4_Erros>"D:\Archivos de programa\NVIDIA GPU Computing Toolkit\CUDA\v12.0\bin\nvcc.exe" -gencode=arch=compute_52,code=\"sm_52,compute_52\" --use-local-env -ccbin "D:\Archivos de programa\Microsoft Visual Studio\2022\Community\VC\Tools\MSVC\14.34.31933\bin\HostX64\x64" -x cu   -I"D:\Archivos de programa\NVIDIA GPU Computing Toolkit\CUDA\v12.0\include" -I"D:\Archivos de programa\NVIDIA GPU Computing Toolkit\CUDA\v12.0\include"  -G   --keep-dir x64\Debug  -maxrregcount=0  --machine 64 --compile -cudart static  -g  -DWIN32 -DWIN64 -D_DEBUG -D_CONSOLE -D_MBCS -Xcompiler "/EHsc /W3 /nologo /Od /Fdx64\Debug\vc143.pdb /FS /Zi /RTC1 /MDd " -o "D:\rfmrm\Documentos\ISGC\8 Semestre\Programacion Avanzada en Paralelo\Repo\Advance-Parallel-Programming\Class Activities\P4_Erros\P4_Erros\x64\Debug\kernel.cu.obj" "D:\rfmrm\Documentos\ISGC\8 Semestre\Programacion Avanzada en Paralelo\Repo\Advance-Parallel-Programming\Class Activities\P4_Erros\P4_Erros\kernel.cu" 
D:\rfmrm\Documentos\ISGC\8 Semestre\Programacion Avanzada en Paralelo\Repo\Advance-Parallel-Programming\Class Activities\P4_Erros\P4_Erros\kernel.cu(29): warning #177-D: variable "prop" was declared but never referenced
  
  Remark: The warnings can be suppressed with "-diag-suppress <warning-number>"
  
  kernel.cu
  tmpxft_00007ce4_00000000-7_kernel.cudafe1.cpp
D:\rfmrm\Documentos\ISGC\8 Semestre\Programacion Avanzada en Paralelo\Repo\Advance-Parallel-Programming\Class Activities\P4_Erros\P4_Erros\kernel.cu(15): warning C4474: 'fprintf' : too many arguments passed for format string
  D:\rfmrm\Documentos\ISGC\8 Semestre\Programacion Avanzada en Paralelo\Repo\Advance-Parallel-Programming\Class Activities\P4_Erros\P4_Erros\kernel.cu(15): note: placeholders and their parameters expect 0 variadic arguments, but 3 were provided
D:\rfmrm\Documentos\ISGC\8 Semestre\Programacion Avanzada en Paralelo\Repo\Advance-Parallel-Programming\Class Activities\P4_Erros\P4_Erros\kernel.cu(41): warning C4477: 'printf' : format string '%d' requires an argument of type 'int', but variadic argument 1 has type 'size_t'
  D:\rfmrm\Documentos\ISGC\8 Semestre\Programacion Avanzada en Paralelo\Repo\Advance-Parallel-Programming\Class Activities\P4_Erros\P4_Erros\kernel.cu(41): note: consider using '%zd' in the format string
D:\rfmrm\Documentos\ISGC\8 Semestre\Programacion Avanzada en Paralelo\Repo\Advance-Parallel-Programming\Class Activities\P4_Erros\P4_Erros\kernel.cu(42): warning C4477: 'printf' : format string '%d' requires an argument of type 'int', but variadic argument 1 has type 'size_t'
  D:\rfmrm\Documentos\ISGC\8 Semestre\Programacion Avanzada en Paralelo\Repo\Advance-Parallel-Programming\Class Activities\P4_Erros\P4_Erros\kernel.cu(42): note: consider using '%zd' in the format string
D:\rfmrm\Documentos\ISGC\8 Semestre\Programacion Avanzada en Paralelo\Repo\Advance-Parallel-Programming\Class Activities\P4_Erros\P4_Erros\kernel.cu(43): warning C4477: 'printf' : format string '%d' requires an argument of type 'int', but variadic argument 1 has type 'size_t'
  D:\rfmrm\Documentos\ISGC\8 Semestre\Programacion Avanzada en Paralelo\Repo\Advance-Parallel-Programming\Class Activities\P4_Erros\P4_Erros\kernel.cu(43): note: consider using '%zd' in the format string
D:\rfmrm\Documentos\ISGC\8 Semestre\Programacion Avanzada en Paralelo\Repo\Advance-Parallel-Programming\Class Activities\P4_Erros\P4_Erros\kernel.cu(44): warning C4477: 'printf' : format string '%d' requires an argument of type 'int', but variadic argument 1 has type 'size_t'
  D:\rfmrm\Documentos\ISGC\8 Semestre\Programacion Avanzada en Paralelo\Repo\Advance-Parallel-Programming\Class Activities\P4_Erros\P4_Erros\kernel.cu(44): note: consider using '%zd' in the format string
D:\rfmrm\Documentos\ISGC\8 Semestre\Programacion Avanzada en Paralelo\Repo\Advance-Parallel-Programming\Class Activities\P4_Erros\P4_Erros\kernel.cu(29): warning C4101: 'prop': unreferenced local variable
     Creating library D:\rfmrm\Documentos\ISGC\8 Semestre\Programacion Avanzada en Paralelo\Repo\Advance-Parallel-Programming\Class Activities\P4_Erros\x64\Debug\P4_Erros.lib and object D:\rfmrm\Documentos\ISGC\8 Semestre\Programacion Avanzada en Paralelo\Repo\Advance-Parallel-Programming\Class Activities\P4_Erros\x64\Debug\P4_Erros.exp
LINK : warning LNK4098: defaultlib 'LIBCMT' conflicts with use of other libs; use /NODEFAULTLIB:library
  P4_Erros.vcxproj -> D:\rfmrm\Documentos\ISGC\8 Semestre\Programacion Avanzada en Paralelo\Repo\Advance-Parallel-Programming\Class Activities\P4_Erros\x64\Debug\P4_Erros.exe
